2025-12-04 17:50:06: 予約処理開始（RUN_ID=20251204_175006）
2025-12-04 17:51:43: ID 50020559 (松島　一宏): 予約成功
2025-12-04 17:53:29: ID 51000635 (松島会): 予約成功
2025-12-04 17:55:03: ID 51000637 (松島組): 予約失敗（エラー: Message: 
Stacktrace:
Symbols not available. Dumping unresolved backtrace:
	0x5d4103
	0x5d4144
	0x3de71d
	0x42a03d
	0x42a41b
	0x4717f2
	0x44c954
	0x46ee17
	0x44c706
	0x41da30
	0x41ed54
	0x8457b4
	0x84098a
	0x5fc392
	0x5ec4c8
	0x5f324d
	0x5dc478
	0x5dc63c
	0x5c67ca
	0x76225d49
	0x77d6d6db
	0x77d6d661
）
2025-12-04 17:56:42: ID 51012020 (細田　湧斗): 予約成功
2025-12-04 17:58:21: ID 54005591 (ホソダTC): 予約成功
2025-12-04 18:00:00: ID 51000002 (山本　昌弘): 予約成功
2025-12-04 18:01:35: ID 51000561 (資農夫　卓球): 予約失敗（エラー: Message: 
Stacktrace:
Symbols not available. Dumping unresolved backtrace:
	0x5d4103
	0x5d4144
	0x3de71d
	0x42a03d
	0x42a41b
	0x4717f2
	0x44c954
	0x46ee17
	0x44c706
	0x41da30
	0x41ed54
	0x8457b4
	0x84098a
	0x5fc392
	0x5ec4c8
	0x5f324d
	0x5dc478
	0x5dc63c
	0x5c67ca
	0x76225d49
	0x77d6d6db
	0x77d6d661
）
2025-12-04 18:03:12: ID 52000028 (井汲　隆一): 予約成功
2025-12-04 18:04:50: ID 50020241 (２Ｈ・Ｈクラブ): 予約成功
2025-12-04 18:06:24: ID 50020433 (風見　敬一): 予約成功
2025-12-04 18:07:53: ID 51000113 (斉藤　正行): 予約成功
2025-12-04 18:09:33: ID 51000114 (斉藤　由美子): 予約成功
2025-12-04 18:11:01: ID 52000039 (風見　容子): 予約成功
2025-12-04 18:12:36: ID 52000274 (ベリーべりクラブ): 予約成功
2025-12-04 18:14:12: ID 52000345 (ＴＹクラブ): 予約成功
2025-12-04 18:16:01: ID 52000384 (トップスピン): 予約成功
2025-12-04 18:17:34: ID 52003460 (みおKTC): 予約成功
2025-12-04 18:19:06: ID 52003487 (▲TCEMU): 予約成功
2025-12-04 18:20:57: ID 52002830 (田中　まゆみ): 予約成功
2025-12-04 18:22:53: ID 52004065 (田中ファミリーチーム): 予約成功
2025-12-04 18:24:46: ID 53000848 (▲高山　陽子): 予約成功
2025-12-04 18:26:39: ID 53000849 (▲高山　莉心): 予約成功
2025-12-04 18:28:28: ID 52000288 (春硬ＴＣ): 予約成功
2025-12-04 18:30:17: ID 52000291 (武蔵丸ＴＣ): 予約成功
2025-12-04 18:32:02: ID 52003687 (阪本純一): 予約失敗（エラー: Message: 
Stacktrace:
Symbols not available. Dumping unresolved backtrace:
	0x5d4103
	0x5d4144
	0x3de71d
	0x42a03d
	0x42a41b
	0x4717f2
	0x44c954
	0x46ee17
	0x44c706
	0x41da30
	0x41ed54
	0x8457b4
	0x84098a
	0x5fc392
	0x5ec4c8
	0x5f324d
	0x5dc478
	0x5dc63c
	0x5c67ca
	0x76225d49
	0x77d6d6db
	0x77d6d661
）
2025-12-04 18:33:53: ID 52003688 (阪本TC): 予約成功
2025-12-04 18:35:28: ID 52002307 (木村　由美): 予約成功
2025-12-04 18:36:57: ID 52003164 (稲垣　聖二): 予約失敗（エラー: Message: 
Stacktrace:
Symbols not available. Dumping unresolved backtrace:
	0x5d4103
	0x5d4144
	0x3de71d
	0x42a03d
	0x42a41b
	0x4717f2
	0x44c954
	0x46ee17
	0x44c706
	0x41da30
	0x41ed54
	0x8457b4
	0x84098a
	0x5fc392
	0x5ec4c8
	0x5f324d
	0x5dc478
	0x5dc63c
	0x5c67ca
	0x76225d49
	0x77d6d6db
	0x77d6d661
）
2025-12-04 18:38:36: ID 52003165 (いなクラブ): 予約成功
2025-12-04 18:40:13: ID 51007830 (小暮　照雄): 予約成功
2025-12-04 18:41:52: ID 51012420 (玉野テニスクラブ): 予約成功
2025-12-04 18:43:30: ID 51012421 (玉野　雄祐): 予約成功
2025-12-04 18:45:09: ID 52003210 (野田　康弘): 予約成功
2025-12-04 18:46:40: ID 52003211 (野田　麻美): 予約失敗（エラー: Message: 
Stacktrace:
Symbols not available. Dumping unresolved backtrace:
	0x5d4103
	0x5d4144
	0x3de71d
	0x42a03d
	0x42a41b
	0x4717f2
	0x44c954
	0x46ee17
	0x44c706
	0x41da30
	0x41ed54
	0x8457b4
	0x84098a
	0x5fc392
	0x5ec4c8
	0x5f324d
	0x5dc478
	0x5dc63c
	0x5c67ca
	0x76225d49
	0x77d6d6db
	0x77d6d661
）
2025-12-04 18:48:20: ID 52003261 (新井　和巳★): 予約成功
2025-12-04 18:49:50: ID 52003263 (かんみテニスクラブ★): 予約失敗（エラー: Message: 
Stacktrace:
Symbols not available. Dumping unresolved backtrace:
	0x5d4103
	0x5d4144
	0x3de71d
	0x42a03d
	0x42a41b
	0x4717f2
	0x44c954
	0x46ee17
	0x44c706
	0x41da30
	0x41ed54
	0x8457b4
	0x84098a
	0x5fc392
	0x5ec4c8
	0x5f324d
	0x5dc478
	0x5dc63c
	0x5c67ca
	0x76225d49
	0x77d6d6db
	0x77d6d661
）
2025-12-04 18:51:18: ID 52003451 (GTクラブ黒豆): 予約失敗（エラー: Message: 
Stacktrace:
Symbols not available. Dumping unresolved backtrace:
	0x5d4103
	0x5d4144
	0x3de71d
	0x42a03d
	0x42a41b
	0x4717f2
	0x44c954
	0x46ee17
	0x44c706
	0x41da30
	0x41ed54
	0x8457b4
	0x84098a
	0x5fc392
	0x5ec4c8
	0x5f324d
	0x5dc478
	0x5dc63c
	0x5c67ca
	0x76225d49
	0x77d6d6db
	0x77d6d661
）
2025-12-04 18:52:56: ID 52003493 (加藤　ゆり子): 予約成功
2025-12-04 18:54:43: ID 52003792 (石川ＴＣ): 予約成功
2025-12-04 18:56:33: ID 52004141 (熊坂　文夫): 予約成功
2025-12-04 18:58:16: ID 52004142 (くまさん): 予約成功
2025-12-04 18:59:50: ID 51005533 (　　KBファミリー): 予約成功
2025-12-04 19:01:23: ID 51008223 (　　堺　恵子): 予約成功
2025-12-04 19:02:55: ID 51008224 (　　堺　武士): 予約成功
2025-12-04 19:04:28: ID 52002578 (チームりくや): 予約成功
2025-12-04 19:05:59: ID 52002579 (チームコナン): 予約成功
2025-12-04 19:07:29: ID 53000015 (久保　裕稔): 予約成功
2025-12-04 19:09:03: ID 50022563 (佐原　律夫): 予約成功
2025-12-04 19:10:32: ID 51000450 (虎谷ファミリークラブ): 予約成功
2025-12-04 19:12:02: ID 51000580 (高嶋　三恵子★): 予約成功
2025-12-04 19:13:34: ID 51000621 (ストロベリーズ★): 予約成功
2025-12-04 19:15:04: ID 51001218 (▲大久保　秀彦): 予約成功
2025-12-04 19:16:25: ID 51011720 (大久保TC): 予約失敗（エラー: Message: 
Stacktrace:
Symbols not available. Dumping unresolved backtrace:
	0x5d4103
	0x5d4144
	0x3de71d
	0x42a03d
	0x42a41b
	0x4717f2
	0x44c954
	0x46ee17
	0x44c706
	0x41da30
	0x41ed54
	0x8457b4
	0x84098a
	0x5fc392
	0x5ec4c8
	0x5f324d
	0x5dc478
	0x5dc63c
	0x5c67ca
	0x76225d49
	0x77d6d6db
	0x77d6d661
）
2025-12-04 19:17:57: ID 52000641 (奈良　ライラ): 予約成功
2025-12-04 19:19:30: ID 52003557 (濱島　秀博): 予約成功
2025-12-04 19:21:05: ID 52003558 (濱島ファミリー): 予約成功
2025-12-04 19:22:35: ID 52003813 (春日部佐原): 予約成功
2025-12-04 19:23:57: ID 53000870 (根岸　信介): 予約失敗（エラー: Message: 
Stacktrace:
Symbols not available. Dumping unresolved backtrace:
	0x5d4103
	0x5d4144
	0x3de71d
	0x42a03d
	0x42a41b
	0x4717f2
	0x44c954
	0x46ee17
	0x44c706
	0x41da30
	0x41ed54
	0x8457b4
	0x84098a
	0x5fc392
	0x5ec4c8
	0x5f324d
	0x5dc478
	0x5dc63c
	0x5c67ca
	0x76225d49
	0x77d6d6db
	0x77d6d661
）
2025-12-04 19:25:17: ID 53000871 (kテニスサークル): 予約失敗（エラー: Message: 
Stacktrace:
Symbols not available. Dumping unresolved backtrace:
	0x5d4103
	0x5d4144
	0x3de71d
	0x42a03d
	0x42a41b
	0x4717f2
	0x44c954
	0x46ee17
	0x44c706
	0x41da30
	0x41ed54
	0x8457b4
	0x84098a
	0x5fc392
	0x5ec4c8
	0x5f324d
	0x5dc478
	0x5dc63c
	0x5c67ca
	0x76225d49
	0x77d6d6db
	0x77d6d661
）
2025-12-04 19:25:19: 全ユーザーの予約処理が完了しました。
