2026-01-05 08:02:37: 予約処理開始（RUN_ID=20260105_080237）
2026-01-05 08:04:01: ID 52000274 (ベリーべりクラブ): 予約成功
2026-01-05 08:05:25: ID 51012421 (玉野　雄祐): 予約成功
2026-01-05 08:06:56: ID 52003792 (石川ＴＣ): 予約成功
2026-01-05 08:08:09: ID 52000641 (奈良　ライラ): 予約失敗（エラー: Message: 
Stacktrace:
Symbols not available. Dumping unresolved backtrace:
	0x12f12d3
	0x12f1314
	0x10de6dd
	0x11293a5
	0x112977b
	0x1170382
	0x114b534
	0x116db13
	0x114b2e6
	0x111d321
	0x111e1d4
	0x1545314
	0x15408cb
	0x155d1aa
	0x130b1d8
	0x13131dd
	0x12f95d8
	0x12f9799
	0x12e3b28
	0x75f05d49
	0x7727d5db
	0x7727d561
）
2026-01-05 08:09:31: ID 52003557 (濱島　秀博): 予約成功
2026-01-05 08:10:59: ID 51000593 (島村3): 予約成功
2026-01-05 08:12:21: ID 52003401 (山下): 予約成功
2026-01-05 08:13:42: ID 51010035 (テニスクラブ〇): 予約成功
2026-01-05 08:13:44: 全ユーザーの予約処理が完了しました。
