2026-01-04 21:23:50: 予約処理開始（RUN_ID=20260104_212350）
2026-01-04 21:25:19: ID 50020559 (松島　一宏): 予約成功
2026-01-04 21:26:44: ID 51000635 (松島会): 予約成功
2026-01-04 21:28:09: ID 51000637 (松島組): 予約成功
2026-01-04 21:29:31: ID 51012020 (細田　湧斗): 予約成功
2026-01-04 21:31:01: ID 54005591 (ホソダTC): 予約成功
2026-01-04 21:32:45: ID 51000002 (山本　昌弘): 予約成功
2026-01-04 21:34:30: ID 51000561 (資農夫　卓球): 予約成功
2026-01-04 21:36:12: ID 52000028 (井汲　隆一): 予約成功
2026-01-04 21:37:32: ID 50020241 (２Ｈ・Ｈクラブ): 予約成功
2026-01-04 21:38:48: ID 50020433 (風見　敬一): 予約成功
2026-01-04 21:40:09: ID 51000113 (斉藤　正行): 予約成功
2026-01-04 21:41:30: ID 51000114 (斉藤　由美子): 予約成功
2026-01-04 21:42:48: ID 52000039 (風見　容子): 予約成功
2026-01-04 21:43:59: ID 52000274 (ベリーべりクラブ): 予約失敗（エラー: Message: 
Stacktrace:
Symbols not available. Dumping unresolved backtrace:
	0xe912d3
	0xe91314
	0xc7e6dd
	0xcc93a5
	0xcc977b
	0xd10382
	0xceb534
	0xd0db13
	0xceb2e6
	0xcbd321
	0xcbe1d4
	0x10e5314
	0x10e08cb
	0x10fd1aa
	0xeab1d8
	0xeb31dd
	0xe995d8
	0xe99799
	0xe83b28
	0x75f05d49
	0x7727d5db
	0x7727d561
）
2026-01-04 21:45:21: ID 52000345 (ＴＹクラブ): 予約成功
2026-01-04 21:46:40: ID 52000384 (トップスピン): 予約成功
2026-01-04 21:47:57: ID 52003460 (みおKTC): 予約成功
2026-01-04 21:49:15: ID 52003487 (▲TCEMU): 予約成功
2026-01-04 21:50:33: ID 52002830 (田中　まゆみ): 予約成功
2026-01-04 21:51:55: ID 52004065 (田中ファミリーチーム): 予約成功
2026-01-04 21:53:15: ID 53000848 (▲高山　陽子): 予約成功
2026-01-04 21:54:35: ID 53000849 (▲高山　莉心): 予約成功
2026-01-04 21:55:56: ID 52000288 (春硬ＴＣ): 予約成功
2026-01-04 21:57:16: ID 52000291 (武蔵丸ＴＣ): 予約成功
2026-01-04 21:58:36: ID 52003687 (阪本純一): 予約成功
2026-01-04 21:59:57: ID 52003688 (阪本TC): 予約成功
2026-01-04 22:01:22: ID 52002307 (木村　由美): 予約成功
2026-01-04 22:02:48: ID 52003164 (稲垣　聖二): 予約成功
2026-01-04 22:04:13: ID 52003165 (いなクラブ): 予約成功
2026-01-04 22:05:40: ID 51007830 (小暮　照雄): 予約成功
2026-01-04 22:06:58: ID 51012420 (玉野テニスクラブ): 予約失敗（エラー: Message: 
Stacktrace:
Symbols not available. Dumping unresolved backtrace:
	0xe912d3
	0xe91314
	0xc7e6dd
	0xcc93a5
	0xcc977b
	0xd10382
	0xceb534
	0xd0db13
	0xceb2e6
	0xcbd321
	0xcbe1d4
	0x10e5314
	0x10e08cb
	0x10fd1aa
	0xeab1d8
	0xeb31dd
	0xe995d8
	0xe99799
	0xe83b28
	0x75f05d49
	0x7727d5db
	0x7727d561
）
2026-01-04 22:08:24: ID 51012421 (玉野　雄祐): 予約成功
2026-01-04 22:09:50: ID 52003210 (野田　康弘): 予約成功
2026-01-04 22:11:15: ID 52003211 (野田　麻美): 予約成功
2026-01-04 22:12:40: ID 52003261 (新井　和巳★): 予約成功
2026-01-04 22:14:05: ID 52003263 (かんみテニスクラブ★): 予約成功
2026-01-04 22:15:30: ID 52003451 (GTクラブ黒豆): 予約成功
2026-01-04 22:16:56: ID 52003493 (加藤　ゆり子): 予約成功
2026-01-04 22:18:14: ID 52003792 (石川ＴＣ): 予約失敗（エラー: Message: 
Stacktrace:
Symbols not available. Dumping unresolved backtrace:
	0xe912d3
	0xe91314
	0xc7e6dd
	0xcc93a5
	0xcc977b
	0xd10382
	0xceb534
	0xd0db13
	0xceb2e6
	0xcbd321
	0xcbe1d4
	0x10e5314
	0x10e08cb
	0x10fd1aa
	0xeab1d8
	0xeb31dd
	0xe995d8
	0xe99799
	0xe83b28
	0x75f05d49
	0x7727d5db
	0x7727d561
）
2026-01-04 22:19:38: ID 52004141 (熊坂　文夫): 予約成功
2026-01-04 22:21:04: ID 52004142 (くまさん): 予約成功
2026-01-04 22:22:24: ID 51005533 (　　KBファミリー): 予約成功
2026-01-04 22:23:50: ID 51008223 (　　堺　恵子): 予約成功
2026-01-04 22:25:11: ID 51008224 (　　堺　武士): 予約成功
2026-01-04 22:26:30: ID 52002578 (チームりくや): 予約成功
2026-01-04 22:27:51: ID 52002579 (チームコナン): 予約成功
2026-01-04 22:29:10: ID 53000015 (久保　裕稔): 予約成功
2026-01-04 22:30:28: ID 50022563 (佐原　律夫): 予約成功
2026-01-04 22:31:49: ID 51000450 (虎谷ファミリークラブ): 予約成功
2026-01-04 22:33:08: ID 51000580 (高嶋　三恵子★): 予約成功
2026-01-04 22:34:49: ID 51000621 (ストロベリーズ★): 予約成功
2026-01-04 22:36:10: ID 51001218 (▲大久保　秀彦): 予約成功
2026-01-04 22:37:28: ID 51011720 (大久保TC): 予約成功
2026-01-04 22:38:49: ID 52000641 (奈良　ライラ): 予約失敗（エラー: Message: 
Stacktrace:
Symbols not available. Dumping unresolved backtrace:
	0xe912d3
	0xe91314
	0xc7e6dd
	0xcc93a5
	0xcc977b
	0xd10382
	0xceb534
	0xd0db13
	0xceb2e6
	0xcbd321
	0xcbe1d4
	0x10e5314
	0x10e08cb
	0x10fd1aa
	0xeab1d8
	0xeb31dd
	0xe995d8
	0xe99799
	0xe83b28
	0x75f05d49
	0x7727d5db
	0x7727d561
）
2026-01-04 22:40:33: ID 52003557 (濱島　秀博): 予約失敗（エラー: Message: 
Stacktrace:
Symbols not available. Dumping unresolved backtrace:
	0xe912d3
	0xe91314
	0xc7e6dd
	0xcc93a5
	0xcc977b
	0xd10382
	0xceb534
	0xd0db13
	0xceb2e6
	0xcbd321
	0xcbe1d4
	0x10e5314
	0x10e08cb
	0x10fd1aa
	0xeab1d8
	0xeb31dd
	0xe995d8
	0xe99799
	0xe83b28
	0x75f05d49
	0x7727d5db
	0x7727d561
）
2026-01-04 22:41:55: ID 52003558 (濱島ファミリー): 予約成功
2026-01-04 22:43:13: ID 52003813 (春日部佐原): 予約成功
2026-01-04 22:44:34: ID 53000870 (根岸　信介): 予約成功
2026-01-04 22:45:54: ID 53000871 (kテニスサークル): 予約成功
2026-01-04 22:47:18: ID 52003474 (島村1): 予約成功
2026-01-04 22:48:42: ID 52003475 (島村2): 予約成功
2026-01-04 22:50:29: ID 51000593 (島村3): 予約失敗（エラー: Message: 
Stacktrace:
Symbols not available. Dumping unresolved backtrace:
	0xe912d3
	0xe91314
	0xc7e6dd
	0xcc93a5
	0xcc977b
	0xd10382
	0xceb534
	0xd0db13
	0xceb2e6
	0xcbd321
	0xcbe1d4
	0x10e5314
	0x10e08cb
	0x10fd1aa
	0xeab1d8
	0xeb31dd
	0xe995d8
	0xe99799
	0xe83b28
	0x75f05d49
	0x7727d5db
	0x7727d561
）
2026-01-04 22:51:52: ID 52003401 (山下): 予約失敗（エラー: Message: 
Stacktrace:
Symbols not available. Dumping unresolved backtrace:
	0xe912d3
	0xe91314
	0xc7e6dd
	0xcc93a5
	0xcc977b
	0xd10382
	0xceb534
	0xd0db13
	0xceb2e6
	0xcbd321
	0xcbe1d4
	0x10e5314
	0x10e08cb
	0x10fd1aa
	0xeab1d8
	0xeb31dd
	0xe995d8
	0xe99799
	0xe83b28
	0x75f05d49
	0x7727d5db
	0x7727d561
）
2026-01-04 22:53:13: ID 52003400 (山下クラブ): 予約成功
2026-01-04 22:54:32: ID 51010034 (押田　拓也): 予約成功
2026-01-04 22:55:46: ID 51010035 (テニスクラブ〇): 予約失敗（エラー: Message: 
Stacktrace:
Symbols not available. Dumping unresolved backtrace:
	0xe912d3
	0xe91314
	0xc7e6dd
	0xcc93a5
	0xcc977b
	0xd10382
	0xceb534
	0xd0db13
	0xceb2e6
	0xcbd321
	0xcbe1d4
	0x10e5314
	0x10e08cb
	0x10fd1aa
	0xeab1d8
	0xeb31dd
	0xe995d8
	0xe99799
	0xe83b28
	0x75f05d49
	0x7727d5db
	0x7727d561
）
2026-01-04 22:57:05: ID 50020623 (川渕　菜穂): 予約成功
2026-01-04 22:58:24: ID 50020793 (伊藤ファミリー): 予約成功
2026-01-04 22:58:26: 全ユーザーの予約処理が完了しました。
