2025-12-04 21:23:44 INFO: 実行開始（RUN_ID=20251204_212344）
2025-12-04 21:23:44 INFO: 実行開始
2025-12-04 21:23:44 INFO: UserCredentials: 対象=〇 のユーザー 1 件（元は 59 件）
2025-12-04 21:23:44 INFO: SpecialDate シート内容:
  SpecialDate  ←この列に、yyyy/mm/dd形式で対象となる特別予約日を入力してください ParsedDate
0  2025-10-18                                     NaN       None
1  2025-10-19                                     NaN       None
2  2025-10-25                                     NaN       None
2025-12-04 21:23:44 INFO: parse_jp_date の結果:
2025-12-04 21:23:44 INFO:   行0: 原文=Timestamp('2025-10-18 00:00:00') → 変換=None
2025-12-04 21:23:44 INFO:   行1: 原文=Timestamp('2025-10-19 00:00:00') → 変換=None
2025-12-04 21:23:44 INFO:   行2: 原文=Timestamp('2025-10-25 00:00:00') → 変換=None
2025-12-04 21:23:44 INFO: special_dates に格納された日付: [datetime.date(2025, 10, 25), datetime.date(2025, 10, 18), datetime.date(2025, 10, 19)]
2025-12-04 21:23:44 INFO: === ユーザー 51000561 の予約を開始 ===
2025-12-04 21:23:44 INFO: TimePattern: A1
2025-12-04 21:23:50 INFO: ログイン後のアラートを受け付けました
2025-12-04 21:23:50 INFO: ログイン後 - 利用方法選択へ遷移
2025-12-04 21:23:53 INFO: 利用目的・種別を選択完了
2025-12-04 21:23:53 INFO: ▼ 選択対象の施設一覧: ['立沼テニス場', '大沼公園グラウンド']
2025-12-04 21:23:53 INFO: 施設チェック: 立沼テニス場 のチェックボックスを探します
2025-12-04 21:23:55 INFO:  → 立沼テニス場 チェック成功
2025-12-04 21:23:55 INFO: 施設チェック: 大沼公園グラウンド のチェックボックスを探します
2025-12-04 21:23:56 INFO:  → 大沼公園グラウンド チェック成功
2025-12-04 21:23:56 INFO: 施設選択完了
2025-12-04 21:23:59 INFO: (A) 施設別空き状況ページ到達
2025-12-04 21:24:18 INFO: (B) 時間帯別空き状況ページ到達 - ここでコート/時間帯をクリック
2025-12-04 21:24:20 INFO:   → 日付テーブル数: 62
2025-12-04 21:24:20 INFO: 
  *** 対象日付テーブル: 2026/03/01 ***
2025-12-04 21:24:20 INFO:     → 2026/03/01 は day_key=日曜日
2025-12-04 21:24:20 INFO:     → コート行の件数: 7
2025-12-04 21:24:20 INFO:     → ヘッダセルの件数: 6
2025-12-04 21:24:20 ERROR:       → 予約不可: 大沼公園グラウンド 共用Ａ 9:00～11:00 → ×
2025-12-04 21:24:20 ERROR:       → 予約不可: 大沼公園グラウンド 共用Ａ 11:00～13:00 → ×
2025-12-04 21:24:20 INFO: 
  *** 対象日付テーブル: 2026/03/01 ***
2025-12-04 21:24:20 INFO:     → 2026/03/01 は day_key=日曜日
2025-12-04 21:24:20 INFO:     → コート行の件数: 2
2025-12-04 21:24:20 INFO:     → ヘッダセルの件数: 6
2025-12-04 21:24:20 INFO:       → 予約選択: 2026/03/01 立沼テニス場 硬式Ａ 9:00～11:00
2025-12-04 21:24:21 INFO:       → 予約選択: 2026/03/01 立沼テニス場 硬式Ａ 11:00～13:00
2025-12-04 21:24:21 INFO: 
  *** 対象日付テーブル: 2026/03/02 ***
2025-12-04 21:24:21 INFO:     → 2026/03/02 は day_key=月曜日
2025-12-04 21:24:21 ERROR:     → day_key:月曜日 は 大沼公園グラウンド の設定に存在しない (スキップ)
2025-12-04 21:24:21 INFO: 
  *** 対象日付テーブル: 2026/03/02 ***
2025-12-04 21:24:21 INFO:     → 2026/03/02 は day_key=月曜日
2025-12-04 21:24:21 ERROR:     → day_key:月曜日 は 立沼テニス場 の設定に存在しない (スキップ)
2025-12-04 21:24:21 INFO: 
  *** 対象日付テーブル: 2026/03/03 ***
2025-12-04 21:24:21 INFO:     → 2026/03/03 は day_key=火曜日
2025-12-04 21:24:21 ERROR:     → day_key:火曜日 は 大沼公園グラウンド の設定に存在しない (スキップ)
2025-12-04 21:24:21 INFO: 
  *** 対象日付テーブル: 2026/03/03 ***
2025-12-04 21:24:21 INFO:     → 2026/03/03 は day_key=火曜日
2025-12-04 21:24:21 INFO:     → コート行の件数: 2
2025-12-04 21:24:21 INFO:     → ヘッダセルの件数: 6
2025-12-04 21:24:21 INFO:       → 予約選択: 2026/03/03 立沼テニス場 硬式Ａ 9:00～11:00
2025-12-04 21:24:21 INFO:       → 予約選択: 2026/03/03 立沼テニス場 硬式Ａ 11:00～13:00
2025-12-04 21:24:22 INFO: 
  *** 対象日付テーブル: 2026/03/04 ***
2025-12-04 21:24:22 INFO:     → 2026/03/04 は day_key=水曜日
2025-12-04 21:24:22 ERROR:     → day_key:水曜日 は 大沼公園グラウンド の設定に存在しない (スキップ)
2025-12-04 21:24:22 INFO: 
  *** 対象日付テーブル: 2026/03/04 ***
2025-12-04 21:24:22 INFO:     → 2026/03/04 は day_key=水曜日
2025-12-04 21:24:22 INFO:     → コート行の件数: 2
2025-12-04 21:24:22 INFO:     → ヘッダセルの件数: 6
2025-12-04 21:24:22 INFO:       → 予約選択: 2026/03/04 立沼テニス場 硬式Ａ 9:00～11:00
2025-12-04 21:24:22 INFO:       → 予約選択: 2026/03/04 立沼テニス場 硬式Ａ 11:00～13:00
2025-12-04 21:24:22 INFO: 
  *** 対象日付テーブル: 2026/03/05 ***
2025-12-04 21:24:22 INFO:     → 2026/03/05 は day_key=木曜日
2025-12-04 21:24:22 INFO:     → コート行の件数: 7
2025-12-04 21:24:22 INFO:     → ヘッダセルの件数: 6
2025-12-04 21:24:22 INFO:       → 予約選択: 2026/03/05 大沼公園グラウンド 共用Ａ 9:00～11:00
2025-12-04 21:24:23 INFO:       → 予約選択: 2026/03/05 大沼公園グラウンド 共用Ａ 11:00～13:00
2025-12-04 21:24:23 INFO: 
  *** 対象日付テーブル: 2026/03/05 ***
2025-12-04 21:24:23 INFO:     → 2026/03/05 は day_key=木曜日
2025-12-04 21:24:23 ERROR:     → day_key:木曜日 は 立沼テニス場 の設定に存在しない (スキップ)
2025-12-04 21:24:23 INFO: 
  *** 対象日付テーブル: 2026/03/06 ***
2025-12-04 21:24:23 INFO:     → 2026/03/06 は day_key=金曜日
2025-12-04 21:24:23 INFO:     → コート行の件数: 7
2025-12-04 21:24:23 INFO:     → ヘッダセルの件数: 6
2025-12-04 21:24:23 INFO:       → 予約選択: 2026/03/06 大沼公園グラウンド 共用Ａ 9:00～11:00
2025-12-04 21:24:24 INFO:       → 予約選択: 2026/03/06 大沼公園グラウンド 共用Ａ 11:00～13:00
2025-12-04 21:24:24 INFO: 
  *** 対象日付テーブル: 2026/03/06 ***
2025-12-04 21:24:24 INFO:     → 2026/03/06 は day_key=金曜日
2025-12-04 21:24:24 ERROR:     → day_key:金曜日 は 立沼テニス場 の設定に存在しない (スキップ)
2025-12-04 21:24:24 INFO: 
  *** 対象日付テーブル: 2026/03/07 ***
2025-12-04 21:24:24 INFO:     → 2026/03/07 は day_key=土曜日
2025-12-04 21:24:24 INFO:     → コート行の件数: 7
2025-12-04 21:24:24 INFO:     → ヘッダセルの件数: 6
2025-12-04 21:24:24 INFO:       → 予約選択: 2026/03/07 大沼公園グラウンド 共用Ａ 9:00～11:00
2025-12-04 21:24:24 INFO:       → 予約選択: 2026/03/07 大沼公園グラウンド 共用Ａ 11:00～13:00
2025-12-04 21:24:25 INFO: 
  *** 対象日付テーブル: 2026/03/07 ***
2025-12-04 21:24:25 INFO:     → 2026/03/07 は day_key=土曜日
2025-12-04 21:24:25 INFO:     → コート行の件数: 2
2025-12-04 21:24:25 INFO:     → ヘッダセルの件数: 6
2025-12-04 21:24:25 INFO:       → 予約選択: 2026/03/07 立沼テニス場 硬式Ａ 9:00～11:00
2025-12-04 21:24:25 INFO:       → 予約選択: 2026/03/07 立沼テニス場 硬式Ａ 11:00～13:00
2025-12-04 21:24:25 INFO: 
  *** 対象日付テーブル: 2026/03/08 ***
2025-12-04 21:24:25 INFO:     → 2026/03/08 は day_key=日曜日
2025-12-04 21:24:25 INFO:     → コート行の件数: 7
2025-12-04 21:24:25 INFO:     → ヘッダセルの件数: 6
2025-12-04 21:24:26 ERROR:       → 予約不可: 大沼公園グラウンド 共用Ａ 9:00～11:00 → ×
2025-12-04 21:24:26 ERROR:       → 予約不可: 大沼公園グラウンド 共用Ａ 11:00～13:00 → ×
2025-12-04 21:24:26 INFO: 
  *** 対象日付テーブル: 2026/03/08 ***
2025-12-04 21:24:26 INFO:     → 2026/03/08 は day_key=日曜日
2025-12-04 21:24:26 INFO:     → コート行の件数: 2
2025-12-04 21:24:26 INFO:     → ヘッダセルの件数: 6
2025-12-04 21:24:26 INFO:       → 予約選択: 2026/03/08 立沼テニス場 硬式Ａ 9:00～11:00
2025-12-04 21:24:26 INFO:       → 予約選択: 2026/03/08 立沼テニス場 硬式Ａ 11:00～13:00
2025-12-04 21:24:26 INFO: 
  *** 対象日付テーブル: 2026/03/09 ***
2025-12-04 21:24:26 INFO:     → 2026/03/09 は day_key=月曜日
2025-12-04 21:24:26 ERROR:     → day_key:月曜日 は 大沼公園グラウンド の設定に存在しない (スキップ)
2025-12-04 21:24:26 INFO: 
  *** 対象日付テーブル: 2026/03/09 ***
2025-12-04 21:24:26 INFO:     → 2026/03/09 は day_key=月曜日
2025-12-04 21:24:26 ERROR:     → day_key:月曜日 は 立沼テニス場 の設定に存在しない (スキップ)
2025-12-04 21:24:26 INFO: 
  *** 対象日付テーブル: 2026/03/10 ***
2025-12-04 21:24:26 INFO:     → 2026/03/10 は day_key=火曜日
2025-12-04 21:24:26 ERROR:     → day_key:火曜日 は 大沼公園グラウンド の設定に存在しない (スキップ)
2025-12-04 21:24:26 INFO: 
  *** 対象日付テーブル: 2026/03/10 ***
2025-12-04 21:24:26 INFO:     → 2026/03/10 は day_key=火曜日
2025-12-04 21:24:27 INFO:     → コート行の件数: 2
2025-12-04 21:24:27 INFO:     → ヘッダセルの件数: 6
2025-12-04 21:24:27 INFO:       → 予約選択: 2026/03/10 立沼テニス場 硬式Ａ 9:00～11:00
2025-12-04 21:24:27 INFO:       → 予約選択: 2026/03/10 立沼テニス場 硬式Ａ 11:00～13:00
2025-12-04 21:24:27 INFO: 
  *** 対象日付テーブル: 2026/03/11 ***
2025-12-04 21:24:27 INFO:     → 2026/03/11 は day_key=水曜日
2025-12-04 21:24:27 ERROR:     → day_key:水曜日 は 大沼公園グラウンド の設定に存在しない (スキップ)
2025-12-04 21:24:27 INFO: 
  *** 対象日付テーブル: 2026/03/11 ***
2025-12-04 21:24:27 INFO:     → 2026/03/11 は day_key=水曜日
2025-12-04 21:24:27 INFO:     → コート行の件数: 2
2025-12-04 21:24:27 INFO:     → ヘッダセルの件数: 6
2025-12-04 21:24:27 INFO:       → 予約選択: 2026/03/11 立沼テニス場 硬式Ａ 9:00～11:00
2025-12-04 21:24:28 INFO:       → 予約選択: 2026/03/11 立沼テニス場 硬式Ａ 11:00～13:00
2025-12-04 21:24:28 INFO: 
  *** 対象日付テーブル: 2026/03/12 ***
2025-12-04 21:24:28 INFO:     → 2026/03/12 は day_key=木曜日
2025-12-04 21:24:28 INFO:     → コート行の件数: 7
2025-12-04 21:24:28 INFO:     → ヘッダセルの件数: 6
2025-12-04 21:24:28 INFO:       → 予約選択: 2026/03/12 大沼公園グラウンド 共用Ａ 9:00～11:00
2025-12-04 21:24:28 INFO:       → 予約選択: 2026/03/12 大沼公園グラウンド 共用Ａ 11:00～13:00
2025-12-04 21:24:29 INFO: 
  *** 対象日付テーブル: 2026/03/12 ***
2025-12-04 21:24:29 INFO:     → 2026/03/12 は day_key=木曜日
2025-12-04 21:24:29 ERROR:     → day_key:木曜日 は 立沼テニス場 の設定に存在しない (スキップ)
2025-12-04 21:24:29 INFO: 
  *** 対象日付テーブル: 2026/03/13 ***
2025-12-04 21:24:29 INFO:     → 2026/03/13 は day_key=金曜日
2025-12-04 21:24:29 INFO:     → コート行の件数: 7
2025-12-04 21:24:29 INFO:     → ヘッダセルの件数: 6
2025-12-04 21:24:29 INFO:       → 予約選択: 2026/03/13 大沼公園グラウンド 共用Ａ 9:00～11:00
2025-12-04 21:24:29 INFO:       → 予約選択: 2026/03/13 大沼公園グラウンド 共用Ａ 11:00～13:00
2025-12-04 21:24:29 INFO: 
  *** 対象日付テーブル: 2026/03/13 ***
2025-12-04 21:24:29 INFO:     → 2026/03/13 は day_key=金曜日
2025-12-04 21:24:30 ERROR:     → day_key:金曜日 は 立沼テニス場 の設定に存在しない (スキップ)
2025-12-04 21:24:30 INFO: 
  *** 対象日付テーブル: 2026/03/14 ***
2025-12-04 21:24:30 INFO:     → 2026/03/14 は day_key=土曜日
2025-12-04 21:24:30 INFO:     → コート行の件数: 7
2025-12-04 21:24:30 INFO:     → ヘッダセルの件数: 6
2025-12-04 21:24:30 INFO:       → 予約選択: 2026/03/14 大沼公園グラウンド 共用Ａ 9:00～11:00
2025-12-04 21:24:30 INFO:       → 予約選択: 2026/03/14 大沼公園グラウンド 共用Ａ 11:00～13:00
2025-12-04 21:24:30 INFO: 
  *** 対象日付テーブル: 2026/03/14 ***
2025-12-04 21:24:30 INFO:     → 2026/03/14 は day_key=土曜日
2025-12-04 21:24:30 INFO:     → コート行の件数: 2
2025-12-04 21:24:30 INFO:     → ヘッダセルの件数: 6
2025-12-04 21:24:30 INFO:       → 予約選択: 2026/03/14 立沼テニス場 硬式Ａ 9:00～11:00
2025-12-04 21:24:31 INFO:       → 予約選択: 2026/03/14 立沼テニス場 硬式Ａ 11:00～13:00
2025-12-04 21:24:31 INFO: 
  *** 対象日付テーブル: 2026/03/15 ***
2025-12-04 21:24:31 INFO:     → 2026/03/15 は day_key=日曜日
2025-12-04 21:24:31 INFO:     → コート行の件数: 7
2025-12-04 21:24:31 INFO:     → ヘッダセルの件数: 6
2025-12-04 21:24:31 INFO:       → 予約選択: 2026/03/15 大沼公園グラウンド 共用Ａ 9:00～11:00
2025-12-04 21:24:31 INFO:       → 予約選択: 2026/03/15 大沼公園グラウンド 共用Ａ 11:00～13:00
2025-12-04 21:24:32 INFO: 
  *** 対象日付テーブル: 2026/03/15 ***
2025-12-04 21:24:32 INFO:     → 2026/03/15 は day_key=日曜日
2025-12-04 21:24:32 INFO:     → コート行の件数: 2
2025-12-04 21:24:32 INFO:     → ヘッダセルの件数: 6
2025-12-04 21:24:32 INFO:       → 予約選択: 2026/03/15 立沼テニス場 硬式Ａ 9:00～11:00
2025-12-04 21:24:32 INFO:       → 予約選択: 2026/03/15 立沼テニス場 硬式Ａ 11:00～13:00
2025-12-04 21:24:32 INFO: 
  *** 対象日付テーブル: 2026/03/16 ***
2025-12-04 21:24:32 INFO:     → 2026/03/16 は day_key=月曜日
2025-12-04 21:24:32 ERROR:     → day_key:月曜日 は 大沼公園グラウンド の設定に存在しない (スキップ)
2025-12-04 21:24:32 INFO: 
  *** 対象日付テーブル: 2026/03/16 ***
2025-12-04 21:24:32 INFO:     → 2026/03/16 は day_key=月曜日
2025-12-04 21:24:33 ERROR:     → day_key:月曜日 は 立沼テニス場 の設定に存在しない (スキップ)
2025-12-04 21:24:33 INFO: 
  *** 対象日付テーブル: 2026/03/17 ***
2025-12-04 21:24:33 INFO:     → 2026/03/17 は day_key=火曜日
2025-12-04 21:24:33 ERROR:     → day_key:火曜日 は 大沼公園グラウンド の設定に存在しない (スキップ)
2025-12-04 21:24:33 INFO: 
  *** 対象日付テーブル: 2026/03/17 ***
2025-12-04 21:24:33 INFO:     → 2026/03/17 は day_key=火曜日
2025-12-04 21:24:33 INFO:     → コート行の件数: 2
2025-12-04 21:24:33 INFO:     → ヘッダセルの件数: 6
2025-12-04 21:24:33 INFO:       → 予約選択: 2026/03/17 立沼テニス場 硬式Ａ 9:00～11:00
2025-12-04 21:24:33 INFO:       → 予約選択: 2026/03/17 立沼テニス場 硬式Ａ 11:00～13:00
2025-12-04 21:24:33 INFO: 
  *** 対象日付テーブル: 2026/03/18 ***
2025-12-04 21:24:33 INFO:     → 2026/03/18 は day_key=水曜日
2025-12-04 21:24:33 ERROR:     → day_key:水曜日 は 大沼公園グラウンド の設定に存在しない (スキップ)
2025-12-04 21:24:33 INFO: 
  *** 対象日付テーブル: 2026/03/18 ***
2025-12-04 21:24:33 INFO:     → 2026/03/18 は day_key=水曜日
2025-12-04 21:24:33 INFO:     → コート行の件数: 2
2025-12-04 21:24:33 INFO:     → ヘッダセルの件数: 6
2025-12-04 21:24:33 INFO:       → 予約選択: 2026/03/18 立沼テニス場 硬式Ａ 9:00～11:00
2025-12-04 21:24:34 INFO:       → 予約選択: 2026/03/18 立沼テニス場 硬式Ａ 11:00～13:00
2025-12-04 21:24:34 INFO: 
  *** 対象日付テーブル: 2026/03/19 ***
2025-12-04 21:24:34 INFO:     → 2026/03/19 は day_key=木曜日
2025-12-04 21:24:34 INFO:     → コート行の件数: 7
2025-12-04 21:24:34 INFO:     → ヘッダセルの件数: 6
2025-12-04 21:24:34 INFO:       → 予約選択: 2026/03/19 大沼公園グラウンド 共用Ａ 9:00～11:00
2025-12-04 21:24:34 INFO:       → 予約選択: 2026/03/19 大沼公園グラウンド 共用Ａ 11:00～13:00
2025-12-04 21:24:35 INFO: 
  *** 対象日付テーブル: 2026/03/19 ***
2025-12-04 21:24:35 INFO:     → 2026/03/19 は day_key=木曜日
2025-12-04 21:24:35 ERROR:     → day_key:木曜日 は 立沼テニス場 の設定に存在しない (スキップ)
2025-12-04 21:24:35 INFO: 
  *** 対象日付テーブル: 2026/03/20 ***
2025-12-04 21:24:35 INFO:     → 2026/03/20 は day_key=祝日
2025-12-04 21:24:35 INFO:     → コート行の件数: 7
2025-12-04 21:24:35 INFO:     → ヘッダセルの件数: 6
2025-12-04 21:24:35 INFO:       → 予約選択: 2026/03/20 大沼公園グラウンド 共用Ａ 9:00～11:00
2025-12-04 21:24:35 INFO:       → 予約選択: 2026/03/20 大沼公園グラウンド 共用Ａ 11:00～13:00
2025-12-04 21:24:36 INFO: 
  *** 対象日付テーブル: 2026/03/20 ***
2025-12-04 21:24:36 INFO:     → 2026/03/20 は day_key=祝日
2025-12-04 21:24:36 INFO:     → コート行の件数: 2
2025-12-04 21:24:36 INFO:     → ヘッダセルの件数: 6
2025-12-04 21:24:36 INFO:       → 予約選択: 2026/03/20 立沼テニス場 硬式Ａ 9:00～11:00
2025-12-04 21:24:36 INFO:       → 予約選択: 2026/03/20 立沼テニス場 硬式Ａ 11:00～13:00
2025-12-04 21:24:36 INFO: 
  *** 対象日付テーブル: 2026/03/21 ***
2025-12-04 21:24:36 INFO:     → 2026/03/21 は day_key=土曜日
2025-12-04 21:24:36 INFO:     → コート行の件数: 7
2025-12-04 21:24:36 INFO:     → ヘッダセルの件数: 6
2025-12-04 21:24:36 INFO:       → 予約選択: 2026/03/21 大沼公園グラウンド 共用Ａ 9:00～11:00
2025-12-04 21:24:37 INFO:       → 予約選択: 2026/03/21 大沼公園グラウンド 共用Ａ 11:00～13:00
2025-12-04 21:24:37 INFO: 
  *** 対象日付テーブル: 2026/03/21 ***
2025-12-04 21:24:37 INFO:     → 2026/03/21 は day_key=土曜日
2025-12-04 21:24:37 INFO:     → コート行の件数: 2
2025-12-04 21:24:37 INFO:     → ヘッダセルの件数: 6
2025-12-04 21:24:37 INFO:       → 予約選択: 2026/03/21 立沼テニス場 硬式Ａ 9:00～11:00
2025-12-04 21:24:38 INFO:       → 予約選択: 2026/03/21 立沼テニス場 硬式Ａ 11:00～13:00
2025-12-04 21:24:38 INFO: 
  *** 対象日付テーブル: 2026/03/22 ***
2025-12-04 21:24:38 INFO:     → 2026/03/22 は day_key=日曜日
2025-12-04 21:24:38 INFO:     → コート行の件数: 7
2025-12-04 21:24:38 INFO:     → ヘッダセルの件数: 6
2025-12-04 21:24:38 INFO:       → 予約選択: 2026/03/22 大沼公園グラウンド 共用Ａ 9:00～11:00
2025-12-04 21:24:38 INFO:       → 予約選択: 2026/03/22 大沼公園グラウンド 共用Ａ 11:00～13:00
2025-12-04 21:24:39 INFO: 
  *** 対象日付テーブル: 2026/03/22 ***
2025-12-04 21:24:39 INFO:     → 2026/03/22 は day_key=日曜日
2025-12-04 21:24:39 INFO:     → コート行の件数: 2
2025-12-04 21:24:39 INFO:     → ヘッダセルの件数: 6
2025-12-04 21:24:39 INFO:       → 予約選択: 2026/03/22 立沼テニス場 硬式Ａ 9:00～11:00
2025-12-04 21:24:39 INFO:       → 予約選択: 2026/03/22 立沼テニス場 硬式Ａ 11:00～13:00
2025-12-04 21:24:39 INFO: 
  *** 対象日付テーブル: 2026/03/23 ***
2025-12-04 21:24:39 INFO:     → 2026/03/23 は day_key=月曜日
2025-12-04 21:24:39 ERROR:     → day_key:月曜日 は 大沼公園グラウンド の設定に存在しない (スキップ)
2025-12-04 21:24:39 INFO: 
  *** 対象日付テーブル: 2026/03/23 ***
2025-12-04 21:24:39 INFO:     → 2026/03/23 は day_key=月曜日
2025-12-04 21:24:39 ERROR:     → day_key:月曜日 は 立沼テニス場 の設定に存在しない (スキップ)
2025-12-04 21:24:39 INFO: 
  *** 対象日付テーブル: 2026/03/24 ***
2025-12-04 21:24:39 INFO:     → 2026/03/24 は day_key=火曜日
2025-12-04 21:24:39 ERROR:     → day_key:火曜日 は 大沼公園グラウンド の設定に存在しない (スキップ)
2025-12-04 21:24:39 INFO: 
  *** 対象日付テーブル: 2026/03/24 ***
2025-12-04 21:24:39 INFO:     → 2026/03/24 は day_key=火曜日
2025-12-04 21:24:39 INFO:     → コート行の件数: 2
2025-12-04 21:24:39 INFO:     → ヘッダセルの件数: 6
2025-12-04 21:24:40 INFO:       → 予約選択: 2026/03/24 立沼テニス場 硬式Ａ 9:00～11:00
2025-12-04 21:24:40 INFO:       → 予約選択: 2026/03/24 立沼テニス場 硬式Ａ 11:00～13:00
2025-12-04 21:24:40 INFO: 
  *** 対象日付テーブル: 2026/03/25 ***
2025-12-04 21:24:40 INFO:     → 2026/03/25 は day_key=水曜日
2025-12-04 21:24:40 ERROR:     → day_key:水曜日 は 大沼公園グラウンド の設定に存在しない (スキップ)
2025-12-04 21:24:40 INFO: 
  *** 対象日付テーブル: 2026/03/25 ***
2025-12-04 21:24:40 INFO:     → 2026/03/25 は day_key=水曜日
2025-12-04 21:24:40 INFO:     → コート行の件数: 2
2025-12-04 21:24:40 INFO:     → ヘッダセルの件数: 6
2025-12-04 21:24:40 INFO:       → 予約選択: 2026/03/25 立沼テニス場 硬式Ａ 9:00～11:00
2025-12-04 21:24:41 INFO:       → 予約選択: 2026/03/25 立沼テニス場 硬式Ａ 11:00～13:00
2025-12-04 21:24:41 INFO: 
  *** 対象日付テーブル: 2026/03/26 ***
2025-12-04 21:24:41 INFO:     → 2026/03/26 は day_key=木曜日
2025-12-04 21:24:41 INFO:     → コート行の件数: 7
2025-12-04 21:24:41 INFO:     → ヘッダセルの件数: 6
2025-12-04 21:24:41 INFO:       → 予約選択: 2026/03/26 大沼公園グラウンド 共用Ａ 9:00～11:00
2025-12-04 21:24:41 INFO:       → 予約選択: 2026/03/26 大沼公園グラウンド 共用Ａ 11:00～13:00
2025-12-04 21:24:42 INFO: 
  *** 対象日付テーブル: 2026/03/26 ***
2025-12-04 21:24:42 INFO:     → 2026/03/26 は day_key=木曜日
2025-12-04 21:24:42 ERROR:     → day_key:木曜日 は 立沼テニス場 の設定に存在しない (スキップ)
2025-12-04 21:24:42 INFO: 
  *** 対象日付テーブル: 2026/03/27 ***
2025-12-04 21:24:42 INFO:     → 2026/03/27 は day_key=金曜日
2025-12-04 21:24:42 INFO:     → コート行の件数: 7
2025-12-04 21:24:42 INFO:     → ヘッダセルの件数: 6
2025-12-04 21:24:42 INFO:       → 予約選択: 2026/03/27 大沼公園グラウンド 共用Ａ 9:00～11:00
2025-12-04 21:24:42 INFO:       → 予約選択: 2026/03/27 大沼公園グラウンド 共用Ａ 11:00～13:00
2025-12-04 21:24:42 INFO: 
  *** 対象日付テーブル: 2026/03/27 ***
2025-12-04 21:24:42 INFO:     → 2026/03/27 は day_key=金曜日
2025-12-04 21:24:42 ERROR:     → day_key:金曜日 は 立沼テニス場 の設定に存在しない (スキップ)
2025-12-04 21:24:42 INFO: 
  *** 対象日付テーブル: 2026/03/28 ***
2025-12-04 21:24:42 INFO:     → 2026/03/28 は day_key=土曜日
2025-12-04 21:24:42 INFO:     → コート行の件数: 7
2025-12-04 21:24:42 INFO:     → ヘッダセルの件数: 6
2025-12-04 21:24:43 INFO:       → 予約選択: 2026/03/28 大沼公園グラウンド 共用Ａ 9:00～11:00
2025-12-04 21:24:43 INFO:       → 予約選択: 2026/03/28 大沼公園グラウンド 共用Ａ 11:00～13:00
2025-12-04 21:24:43 INFO: 
  *** 対象日付テーブル: 2026/03/28 ***
2025-12-04 21:24:43 INFO:     → 2026/03/28 は day_key=土曜日
2025-12-04 21:24:43 INFO:     → コート行の件数: 2
2025-12-04 21:24:43 INFO:     → ヘッダセルの件数: 6
2025-12-04 21:24:43 INFO:       → 予約選択: 2026/03/28 立沼テニス場 硬式Ａ 9:00～11:00
2025-12-04 21:24:44 INFO:       → 予約選択: 2026/03/28 立沼テニス場 硬式Ａ 11:00～13:00
2025-12-04 21:24:44 INFO: 
  *** 対象日付テーブル: 2026/03/29 ***
2025-12-04 21:24:44 INFO:     → 2026/03/29 は day_key=日曜日
2025-12-04 21:24:44 INFO:     → コート行の件数: 7
2025-12-04 21:24:44 INFO:     → ヘッダセルの件数: 6
2025-12-04 21:24:44 INFO:       → 予約選択: 2026/03/29 大沼公園グラウンド 共用Ａ 9:00～11:00
2025-12-04 21:24:44 INFO:       → 予約選択: 2026/03/29 大沼公園グラウンド 共用Ａ 11:00～13:00
2025-12-04 21:24:45 INFO: 
  *** 対象日付テーブル: 2026/03/29 ***
2025-12-04 21:24:45 INFO:     → 2026/03/29 は day_key=日曜日
2025-12-04 21:24:45 INFO:     → コート行の件数: 2
2025-12-04 21:24:45 INFO:     → ヘッダセルの件数: 6
2025-12-04 21:24:45 INFO:       → 予約選択: 2026/03/29 立沼テニス場 硬式Ａ 9:00～11:00
2025-12-04 21:24:45 INFO:       → 予約選択: 2026/03/29 立沼テニス場 硬式Ａ 11:00～13:00
2025-12-04 21:24:45 INFO: 
  *** 対象日付テーブル: 2026/03/30 ***
2025-12-04 21:24:45 INFO:     → 2026/03/30 は day_key=月曜日
2025-12-04 21:24:45 ERROR:     → day_key:月曜日 は 大沼公園グラウンド の設定に存在しない (スキップ)
2025-12-04 21:24:45 INFO: 
  *** 対象日付テーブル: 2026/03/30 ***
2025-12-04 21:24:45 INFO:     → 2026/03/30 は day_key=月曜日
2025-12-04 21:24:45 ERROR:     → day_key:月曜日 は 立沼テニス場 の設定に存在しない (スキップ)
2025-12-04 21:24:45 INFO: 
  *** 対象日付テーブル: 2026/03/31 ***
2025-12-04 21:24:45 INFO:     → 2026/03/31 は day_key=火曜日
2025-12-04 21:24:45 ERROR:     → day_key:火曜日 は 大沼公園グラウンド の設定に存在しない (スキップ)
2025-12-04 21:24:45 INFO: 
  *** 対象日付テーブル: 2026/03/31 ***
2025-12-04 21:24:45 INFO:     → 2026/03/31 は day_key=火曜日
2025-12-04 21:24:45 INFO:     → コート行の件数: 2
2025-12-04 21:24:45 INFO:     → ヘッダセルの件数: 6
2025-12-04 21:24:46 INFO:       → 予約選択: 2026/03/31 立沼テニス場 硬式Ａ 9:00～11:00
2025-12-04 21:24:46 INFO:       → 予約選択: 2026/03/31 立沼テニス場 硬式Ａ 11:00～13:00
2025-12-04 21:24:46 INFO: (C) 確認画面へ遷移
2025-12-04 21:25:14 INFO: 人数・コピー選択完了
2025-12-04 21:25:16 INFO: アラート発生: ＊の表示されている申込は、申込時間または申込回数または申込コマ数の制限を超えているため申込できません。詳細は注意事項欄をご覧ください。
2025-12-04 21:25:18 INFO: PDF保存: C:\pj\tennis_book\PDF\202512\51000561_資農夫　卓球_20251204_212518.pdf
2025-12-04 21:25:18 INFO: → ユーザー 51000561 の予約完了
2025-12-04 21:25:20 INFO: 全ユーザーの予約処理が完了しました。
