2026-01-05 08:15:34 INFO: 実行開始（RUN_ID=20260105_081534）
2026-01-05 08:15:34 INFO: 実行開始
2026-01-05 08:15:34 INFO: UserCredentials: 対象=〇 のユーザー 1 件（元は 68 件）
2026-01-05 08:15:34 INFO: SpecialDate シート内容:
  SpecialDate  ←この列に、yyyy/mm/dd形式で対象となる特別予約日を入力してください ParsedDate
0  2025-10-18                                     NaN       None
1  2025-10-19                                     NaN       None
2  2025-10-25                                     NaN       None
2026-01-05 08:15:34 INFO: parse_jp_date の結果:
2026-01-05 08:15:34 INFO:   行0: 原文=Timestamp('2025-10-18 00:00:00') → 変換=None
2026-01-05 08:15:34 INFO:   行1: 原文=Timestamp('2025-10-19 00:00:00') → 変換=None
2026-01-05 08:15:34 INFO:   行2: 原文=Timestamp('2025-10-25 00:00:00') → 変換=None
2026-01-05 08:15:34 INFO: special_dates に格納された日付: [datetime.date(2025, 10, 18), datetime.date(2025, 10, 19), datetime.date(2025, 10, 25)]
2026-01-05 08:15:34 INFO: === ユーザー 52000641 の予約を開始 ===
2026-01-05 08:15:34 INFO: TimePattern: B3
2026-01-05 08:15:39 INFO: ログイン後のアラートを受け付けました
2026-01-05 08:15:39 INFO: ログイン後 - 利用方法選択へ遷移
2026-01-05 08:15:42 INFO: 利用目的・種別を選択完了
2026-01-05 08:15:42 INFO: ▼ 選択対象の施設一覧: ['大沼公園グラウンド', '立沼テニス場']
2026-01-05 08:15:42 INFO: 施設チェック: 大沼公園グラウンド のチェックボックスを探します
2026-01-05 08:15:44 INFO:  → 大沼公園グラウンド チェック成功
2026-01-05 08:15:44 INFO: 施設チェック: 立沼テニス場 のチェックボックスを探します
2026-01-05 08:15:44 INFO:  → 立沼テニス場 チェック成功
2026-01-05 08:15:44 INFO: 施設選択完了
2026-01-05 08:15:47 INFO: (A) 施設別空き状況ページ到達
2026-01-05 08:16:06 INFO: (B) 時間帯別空き状況ページ到達 - ここでコート/時間帯をクリック
2026-01-05 08:16:07 INFO:   → 日付テーブル数: 60
2026-01-05 08:16:07 INFO: 
  *** 対象日付テーブル: 2026/04/01 ***
2026-01-05 08:16:07 INFO:     → 2026/04/01 は day_key=水曜日
2026-01-05 08:16:07 ERROR:     → day_key:水曜日 は 大沼公園グラウンド の設定に存在しない (スキップ)
2026-01-05 08:16:07 INFO: 
  *** 対象日付テーブル: 2026/04/01 ***
2026-01-05 08:16:07 INFO:     → 2026/04/01 は day_key=水曜日
2026-01-05 08:16:07 INFO:     → コート行の件数: 2
2026-01-05 08:16:07 INFO:     → ヘッダセルの件数: 6
2026-01-05 08:16:07 INFO:       → 予約選択: 2026/04/01 立沼テニス場 硬式Ｂ 15:00～17:00
2026-01-05 08:16:08 INFO: 
  *** 対象日付テーブル: 2026/04/02 ***
2026-01-05 08:16:08 INFO:     → 2026/04/02 は day_key=木曜日
2026-01-05 08:16:08 INFO:     → コート行の件数: 7
2026-01-05 08:16:08 INFO:     → ヘッダセルの件数: 8
2026-01-05 08:16:08 INFO:       → 予約選択: 2026/04/02 大沼公園グラウンド 共用Ｂ 9:00～11:00
2026-01-05 08:16:08 INFO:       → 予約選択: 2026/04/02 大沼公園グラウンド 共用Ｂ 11:00～13:00
2026-01-05 08:16:08 INFO: 
  *** 対象日付テーブル: 2026/04/02 ***
2026-01-05 08:16:08 INFO:     → 2026/04/02 は day_key=木曜日
2026-01-05 08:16:08 ERROR:     → day_key:木曜日 は 立沼テニス場 の設定に存在しない (スキップ)
2026-01-05 08:16:08 INFO: 
  *** 対象日付テーブル: 2026/04/03 ***
2026-01-05 08:16:08 INFO:     → 2026/04/03 は day_key=金曜日
2026-01-05 08:16:08 INFO:     → コート行の件数: 7
2026-01-05 08:16:08 INFO:     → ヘッダセルの件数: 8
2026-01-05 08:16:09 INFO:       → 予約選択: 2026/04/03 大沼公園グラウンド 共用Ｂ 9:00～11:00
2026-01-05 08:16:09 INFO:       → 予約選択: 2026/04/03 大沼公園グラウンド 共用Ｂ 11:00～13:00
2026-01-05 08:16:09 INFO: 
  *** 対象日付テーブル: 2026/04/03 ***
2026-01-05 08:16:09 INFO:     → 2026/04/03 は day_key=金曜日
2026-01-05 08:16:09 ERROR:     → day_key:金曜日 は 立沼テニス場 の設定に存在しない (スキップ)
2026-01-05 08:16:09 INFO: 
  *** 対象日付テーブル: 2026/04/04 ***
2026-01-05 08:16:09 INFO:     → 2026/04/04 は day_key=土曜日
2026-01-05 08:16:09 INFO:     → コート行の件数: 7
2026-01-05 08:16:09 INFO:     → ヘッダセルの件数: 8
2026-01-05 08:16:10 INFO:       → 予約選択: 2026/04/04 大沼公園グラウンド 共用Ｂ 15:00～17:00
2026-01-05 08:16:10 INFO: 
  *** 対象日付テーブル: 2026/04/04 ***
2026-01-05 08:16:10 INFO:     → 2026/04/04 は day_key=土曜日
2026-01-05 08:16:10 INFO:     → コート行の件数: 2
2026-01-05 08:16:10 INFO:     → ヘッダセルの件数: 6
2026-01-05 08:16:10 INFO:       → 予約選択: 2026/04/04 立沼テニス場 硬式Ｂ 15:00～17:00
2026-01-05 08:16:10 INFO: 
  *** 対象日付テーブル: 2026/04/05 ***
2026-01-05 08:16:10 INFO:     → 2026/04/05 は day_key=日曜日
2026-01-05 08:16:10 INFO:     → コート行の件数: 7
2026-01-05 08:16:10 INFO:     → ヘッダセルの件数: 8
2026-01-05 08:16:10 INFO:       → 予約選択: 2026/04/05 大沼公園グラウンド 共用Ｂ 15:00～17:00
2026-01-05 08:16:11 INFO: 
  *** 対象日付テーブル: 2026/04/05 ***
2026-01-05 08:16:11 INFO:     → 2026/04/05 は day_key=日曜日
2026-01-05 08:16:11 INFO:     → コート行の件数: 2
2026-01-05 08:16:11 INFO:     → ヘッダセルの件数: 6
2026-01-05 08:16:11 INFO:       → 予約選択: 2026/04/05 立沼テニス場 硬式Ｂ 15:00～17:00
2026-01-05 08:16:11 INFO: 
  *** 対象日付テーブル: 2026/04/06 ***
2026-01-05 08:16:11 INFO:     → 2026/04/06 は day_key=月曜日
2026-01-05 08:16:11 ERROR:     → day_key:月曜日 は 大沼公園グラウンド の設定に存在しない (スキップ)
2026-01-05 08:16:11 INFO: 
  *** 対象日付テーブル: 2026/04/06 ***
2026-01-05 08:16:11 INFO:     → 2026/04/06 は day_key=月曜日
2026-01-05 08:16:11 ERROR:     → day_key:月曜日 は 立沼テニス場 の設定に存在しない (スキップ)
2026-01-05 08:16:11 INFO: 
  *** 対象日付テーブル: 2026/04/07 ***
2026-01-05 08:16:11 INFO:     → 2026/04/07 は day_key=火曜日
2026-01-05 08:16:11 ERROR:     → day_key:火曜日 は 大沼公園グラウンド の設定に存在しない (スキップ)
2026-01-05 08:16:11 INFO: 
  *** 対象日付テーブル: 2026/04/07 ***
2026-01-05 08:16:11 INFO:     → 2026/04/07 は day_key=火曜日
2026-01-05 08:16:11 INFO:     → コート行の件数: 2
2026-01-05 08:16:11 INFO:     → ヘッダセルの件数: 6
2026-01-05 08:16:12 INFO:       → 予約選択: 2026/04/07 立沼テニス場 硬式Ｂ 15:00～17:00
2026-01-05 08:16:12 INFO: 
  *** 対象日付テーブル: 2026/04/08 ***
2026-01-05 08:16:12 INFO:     → 2026/04/08 は day_key=水曜日
2026-01-05 08:16:12 ERROR:     → day_key:水曜日 は 大沼公園グラウンド の設定に存在しない (スキップ)
2026-01-05 08:16:12 INFO: 
  *** 対象日付テーブル: 2026/04/08 ***
2026-01-05 08:16:12 INFO:     → 2026/04/08 は day_key=水曜日
2026-01-05 08:16:12 INFO:     → コート行の件数: 2
2026-01-05 08:16:12 INFO:     → ヘッダセルの件数: 6
2026-01-05 08:16:12 INFO:       → 予約選択: 2026/04/08 立沼テニス場 硬式Ｂ 15:00～17:00
2026-01-05 08:16:12 INFO: 
  *** 対象日付テーブル: 2026/04/09 ***
2026-01-05 08:16:12 INFO:     → 2026/04/09 は day_key=木曜日
2026-01-05 08:16:12 INFO:     → コート行の件数: 7
2026-01-05 08:16:12 INFO:     → ヘッダセルの件数: 8
2026-01-05 08:16:12 INFO:       → 予約選択: 2026/04/09 大沼公園グラウンド 共用Ｂ 9:00～11:00
2026-01-05 08:16:13 INFO:       → 予約選択: 2026/04/09 大沼公園グラウンド 共用Ｂ 11:00～13:00
2026-01-05 08:16:13 INFO: 
  *** 対象日付テーブル: 2026/04/09 ***
2026-01-05 08:16:13 INFO:     → 2026/04/09 は day_key=木曜日
2026-01-05 08:16:13 ERROR:     → day_key:木曜日 は 立沼テニス場 の設定に存在しない (スキップ)
2026-01-05 08:16:13 INFO: 
  *** 対象日付テーブル: 2026/04/10 ***
2026-01-05 08:16:13 INFO:     → 2026/04/10 は day_key=金曜日
2026-01-05 08:16:13 INFO:     → コート行の件数: 7
2026-01-05 08:16:13 INFO:     → ヘッダセルの件数: 8
2026-01-05 08:16:13 INFO:       → 予約選択: 2026/04/10 大沼公園グラウンド 共用Ｂ 9:00～11:00
2026-01-05 08:16:14 INFO:       → 予約選択: 2026/04/10 大沼公園グラウンド 共用Ｂ 11:00～13:00
2026-01-05 08:16:14 INFO: 
  *** 対象日付テーブル: 2026/04/10 ***
2026-01-05 08:16:14 INFO:     → 2026/04/10 は day_key=金曜日
2026-01-05 08:16:14 ERROR:     → day_key:金曜日 は 立沼テニス場 の設定に存在しない (スキップ)
2026-01-05 08:16:14 INFO: 
  *** 対象日付テーブル: 2026/04/11 ***
2026-01-05 08:16:14 INFO:     → 2026/04/11 は day_key=土曜日
2026-01-05 08:16:14 INFO:     → コート行の件数: 7
2026-01-05 08:16:14 INFO:     → ヘッダセルの件数: 8
2026-01-05 08:16:14 INFO:       → 予約選択: 2026/04/11 大沼公園グラウンド 共用Ｂ 15:00～17:00
2026-01-05 08:16:14 INFO: 
  *** 対象日付テーブル: 2026/04/11 ***
2026-01-05 08:16:14 INFO:     → 2026/04/11 は day_key=土曜日
2026-01-05 08:16:14 INFO:     → コート行の件数: 2
2026-01-05 08:16:14 INFO:     → ヘッダセルの件数: 6
2026-01-05 08:16:15 INFO:       → 予約選択: 2026/04/11 立沼テニス場 硬式Ｂ 15:00～17:00
2026-01-05 08:16:15 INFO: 
  *** 対象日付テーブル: 2026/04/12 ***
2026-01-05 08:16:15 INFO:     → 2026/04/12 は day_key=日曜日
2026-01-05 08:16:15 INFO:     → コート行の件数: 7
2026-01-05 08:16:15 INFO:     → ヘッダセルの件数: 8
2026-01-05 08:16:15 ERROR:       → 予約不可: 大沼公園グラウンド 共用Ｂ 15:00～17:00 → ×
2026-01-05 08:16:15 INFO: 
  *** 対象日付テーブル: 2026/04/12 ***
2026-01-05 08:16:15 INFO:     → 2026/04/12 は day_key=日曜日
2026-01-05 08:16:15 INFO:     → コート行の件数: 2
2026-01-05 08:16:15 INFO:     → ヘッダセルの件数: 6
2026-01-05 08:16:15 INFO:       → 予約選択: 2026/04/12 立沼テニス場 硬式Ｂ 15:00～17:00
2026-01-05 08:16:16 INFO: 
  *** 対象日付テーブル: 2026/04/13 ***
2026-01-05 08:16:16 INFO:     → 2026/04/13 は day_key=月曜日
2026-01-05 08:16:16 ERROR:     → day_key:月曜日 は 大沼公園グラウンド の設定に存在しない (スキップ)
2026-01-05 08:16:16 INFO: 
  *** 対象日付テーブル: 2026/04/13 ***
2026-01-05 08:16:16 INFO:     → 2026/04/13 は day_key=月曜日
2026-01-05 08:16:16 ERROR:     → day_key:月曜日 は 立沼テニス場 の設定に存在しない (スキップ)
2026-01-05 08:16:16 INFO: 
  *** 対象日付テーブル: 2026/04/14 ***
2026-01-05 08:16:16 INFO:     → 2026/04/14 は day_key=火曜日
2026-01-05 08:16:16 ERROR:     → day_key:火曜日 は 大沼公園グラウンド の設定に存在しない (スキップ)
2026-01-05 08:16:16 INFO: 
  *** 対象日付テーブル: 2026/04/14 ***
2026-01-05 08:16:16 INFO:     → 2026/04/14 は day_key=火曜日
2026-01-05 08:16:16 INFO:     → コート行の件数: 2
2026-01-05 08:16:16 INFO:     → ヘッダセルの件数: 6
2026-01-05 08:16:16 INFO:       → 予約選択: 2026/04/14 立沼テニス場 硬式Ｂ 15:00～17:00
2026-01-05 08:16:16 INFO: 
  *** 対象日付テーブル: 2026/04/15 ***
2026-01-05 08:16:16 INFO:     → 2026/04/15 は day_key=水曜日
2026-01-05 08:16:16 ERROR:     → day_key:水曜日 は 大沼公園グラウンド の設定に存在しない (スキップ)
2026-01-05 08:16:16 INFO: 
  *** 対象日付テーブル: 2026/04/15 ***
2026-01-05 08:16:16 INFO:     → 2026/04/15 は day_key=水曜日
2026-01-05 08:16:16 INFO:     → コート行の件数: 2
2026-01-05 08:16:16 INFO:     → ヘッダセルの件数: 6
2026-01-05 08:16:16 INFO:       → 予約選択: 2026/04/15 立沼テニス場 硬式Ｂ 15:00～17:00
2026-01-05 08:16:17 INFO: 
  *** 対象日付テーブル: 2026/04/16 ***
2026-01-05 08:16:17 INFO:     → 2026/04/16 は day_key=木曜日
2026-01-05 08:16:17 INFO:     → コート行の件数: 7
2026-01-05 08:16:17 INFO:     → ヘッダセルの件数: 8
2026-01-05 08:16:17 INFO:       → 予約選択: 2026/04/16 大沼公園グラウンド 共用Ｂ 9:00～11:00
2026-01-05 08:16:17 INFO:       → 予約選択: 2026/04/16 大沼公園グラウンド 共用Ｂ 11:00～13:00
2026-01-05 08:16:17 INFO: 
  *** 対象日付テーブル: 2026/04/16 ***
2026-01-05 08:16:17 INFO:     → 2026/04/16 は day_key=木曜日
2026-01-05 08:16:17 ERROR:     → day_key:木曜日 は 立沼テニス場 の設定に存在しない (スキップ)
2026-01-05 08:16:17 INFO: 
  *** 対象日付テーブル: 2026/04/17 ***
2026-01-05 08:16:17 INFO:     → 2026/04/17 は day_key=金曜日
2026-01-05 08:16:17 INFO:     → コート行の件数: 7
2026-01-05 08:16:17 INFO:     → ヘッダセルの件数: 8
2026-01-05 08:16:17 ERROR:       → 予約不可: 大沼公園グラウンド 共用Ｂ 9:00～11:00 → ×
2026-01-05 08:16:18 ERROR:       → 予約不可: 大沼公園グラウンド 共用Ｂ 11:00～13:00 → ×
2026-01-05 08:16:18 INFO: 
  *** 対象日付テーブル: 2026/04/17 ***
2026-01-05 08:16:18 INFO:     → 2026/04/17 は day_key=金曜日
2026-01-05 08:16:18 ERROR:     → day_key:金曜日 は 立沼テニス場 の設定に存在しない (スキップ)
2026-01-05 08:16:18 INFO: 
  *** 対象日付テーブル: 2026/04/18 ***
2026-01-05 08:16:18 INFO:     → 2026/04/18 は day_key=土曜日
2026-01-05 08:16:18 INFO:     → コート行の件数: 7
2026-01-05 08:16:18 INFO:     → ヘッダセルの件数: 8
2026-01-05 08:16:18 INFO:       → 予約選択: 2026/04/18 大沼公園グラウンド 共用Ｂ 15:00～17:00
2026-01-05 08:16:18 INFO: 
  *** 対象日付テーブル: 2026/04/18 ***
2026-01-05 08:16:18 INFO:     → 2026/04/18 は day_key=土曜日
2026-01-05 08:16:18 INFO:     → コート行の件数: 2
2026-01-05 08:16:18 INFO:     → ヘッダセルの件数: 6
2026-01-05 08:16:18 INFO:       → 予約選択: 2026/04/18 立沼テニス場 硬式Ｂ 15:00～17:00
2026-01-05 08:16:19 INFO: 
  *** 対象日付テーブル: 2026/04/19 ***
2026-01-05 08:16:19 INFO:     → 2026/04/19 は day_key=日曜日
2026-01-05 08:16:19 INFO:     → コート行の件数: 7
2026-01-05 08:16:19 INFO:     → ヘッダセルの件数: 8
2026-01-05 08:16:19 ERROR:       → 予約不可: 大沼公園グラウンド 共用Ｂ 15:00～17:00 → ×
2026-01-05 08:16:19 INFO: 
  *** 対象日付テーブル: 2026/04/19 ***
2026-01-05 08:16:19 INFO:     → 2026/04/19 は day_key=日曜日
2026-01-05 08:16:19 INFO:     → コート行の件数: 2
2026-01-05 08:16:19 INFO:     → ヘッダセルの件数: 6
2026-01-05 08:16:19 INFO:       → 予約選択: 2026/04/19 立沼テニス場 硬式Ｂ 15:00～17:00
2026-01-05 08:16:19 INFO: 
  *** 対象日付テーブル: 2026/04/20 ***
2026-01-05 08:16:19 INFO:     → 2026/04/20 は day_key=月曜日
2026-01-05 08:16:19 ERROR:     → day_key:月曜日 は 大沼公園グラウンド の設定に存在しない (スキップ)
2026-01-05 08:16:19 INFO: 
  *** 対象日付テーブル: 2026/04/20 ***
2026-01-05 08:16:19 INFO:     → 2026/04/20 は day_key=月曜日
2026-01-05 08:16:19 ERROR:     → day_key:月曜日 は 立沼テニス場 の設定に存在しない (スキップ)
2026-01-05 08:16:19 INFO: 
  *** 対象日付テーブル: 2026/04/21 ***
2026-01-05 08:16:19 INFO:     → 2026/04/21 は day_key=火曜日
2026-01-05 08:16:19 ERROR:     → day_key:火曜日 は 大沼公園グラウンド の設定に存在しない (スキップ)
2026-01-05 08:16:19 INFO: 
  *** 対象日付テーブル: 2026/04/21 ***
2026-01-05 08:16:19 INFO:     → 2026/04/21 は day_key=火曜日
2026-01-05 08:16:20 INFO:     → コート行の件数: 2
2026-01-05 08:16:20 INFO:     → ヘッダセルの件数: 6
2026-01-05 08:16:20 INFO:       → 予約選択: 2026/04/21 立沼テニス場 硬式Ｂ 15:00～17:00
2026-01-05 08:16:20 INFO: 
  *** 対象日付テーブル: 2026/04/22 ***
2026-01-05 08:16:20 INFO:     → 2026/04/22 は day_key=水曜日
2026-01-05 08:16:20 ERROR:     → day_key:水曜日 は 大沼公園グラウンド の設定に存在しない (スキップ)
2026-01-05 08:16:20 INFO: 
  *** 対象日付テーブル: 2026/04/22 ***
2026-01-05 08:16:20 INFO:     → 2026/04/22 は day_key=水曜日
2026-01-05 08:16:20 INFO:     → コート行の件数: 2
2026-01-05 08:16:20 INFO:     → ヘッダセルの件数: 6
2026-01-05 08:16:20 INFO:       → 予約選択: 2026/04/22 立沼テニス場 硬式Ｂ 15:00～17:00
2026-01-05 08:16:20 INFO: 
  *** 対象日付テーブル: 2026/04/23 ***
2026-01-05 08:16:20 INFO:     → 2026/04/23 は day_key=木曜日
2026-01-05 08:16:20 INFO:     → コート行の件数: 7
2026-01-05 08:16:20 INFO:     → ヘッダセルの件数: 8
2026-01-05 08:16:21 INFO:       → 予約選択: 2026/04/23 大沼公園グラウンド 共用Ｂ 9:00～11:00
2026-01-05 08:16:21 INFO:       → 予約選択: 2026/04/23 大沼公園グラウンド 共用Ｂ 11:00～13:00
2026-01-05 08:16:21 INFO: 
  *** 対象日付テーブル: 2026/04/23 ***
2026-01-05 08:16:21 INFO:     → 2026/04/23 は day_key=木曜日
2026-01-05 08:16:21 ERROR:     → day_key:木曜日 は 立沼テニス場 の設定に存在しない (スキップ)
2026-01-05 08:16:21 INFO: 
  *** 対象日付テーブル: 2026/04/24 ***
2026-01-05 08:16:21 INFO:     → 2026/04/24 は day_key=金曜日
2026-01-05 08:16:21 INFO:     → コート行の件数: 7
2026-01-05 08:16:21 INFO:     → ヘッダセルの件数: 8
2026-01-05 08:16:21 INFO:       → 予約選択: 2026/04/24 大沼公園グラウンド 共用Ｂ 9:00～11:00
2026-01-05 08:16:22 INFO:       → 予約選択: 2026/04/24 大沼公園グラウンド 共用Ｂ 11:00～13:00
2026-01-05 08:16:22 INFO: 
  *** 対象日付テーブル: 2026/04/24 ***
2026-01-05 08:16:22 INFO:     → 2026/04/24 は day_key=金曜日
2026-01-05 08:16:22 ERROR:     → day_key:金曜日 は 立沼テニス場 の設定に存在しない (スキップ)
2026-01-05 08:16:22 INFO: 
  *** 対象日付テーブル: 2026/04/25 ***
2026-01-05 08:16:22 INFO:     → 2026/04/25 は day_key=土曜日
2026-01-05 08:16:22 INFO:     → コート行の件数: 7
2026-01-05 08:16:22 INFO:     → ヘッダセルの件数: 8
2026-01-05 08:16:22 INFO:       → 予約選択: 2026/04/25 大沼公園グラウンド 共用Ｂ 15:00～17:00
2026-01-05 08:16:23 INFO: 
  *** 対象日付テーブル: 2026/04/25 ***
2026-01-05 08:16:23 INFO:     → 2026/04/25 は day_key=土曜日
2026-01-05 08:16:23 INFO:     → コート行の件数: 2
2026-01-05 08:16:23 INFO:     → ヘッダセルの件数: 6
2026-01-05 08:16:23 INFO:       → 予約選択: 2026/04/25 立沼テニス場 硬式Ｂ 15:00～17:00
2026-01-05 08:16:23 INFO: 
  *** 対象日付テーブル: 2026/04/26 ***
2026-01-05 08:16:23 INFO:     → 2026/04/26 は day_key=日曜日
2026-01-05 08:16:23 INFO:     → コート行の件数: 7
2026-01-05 08:16:23 INFO:     → ヘッダセルの件数: 8
2026-01-05 08:16:23 ERROR:       → 予約不可: 大沼公園グラウンド 共用Ｂ 15:00～17:00 → ×
2026-01-05 08:16:23 INFO: 
  *** 対象日付テーブル: 2026/04/26 ***
2026-01-05 08:16:23 INFO:     → 2026/04/26 は day_key=日曜日
2026-01-05 08:16:23 INFO:     → コート行の件数: 2
2026-01-05 08:16:23 INFO:     → ヘッダセルの件数: 6
2026-01-05 08:16:23 INFO:       → 予約選択: 2026/04/26 立沼テニス場 硬式Ｂ 15:00～17:00
2026-01-05 08:16:24 INFO: 
  *** 対象日付テーブル: 2026/04/27 ***
2026-01-05 08:16:24 INFO:     → 2026/04/27 は day_key=月曜日
2026-01-05 08:16:24 ERROR:     → day_key:月曜日 は 大沼公園グラウンド の設定に存在しない (スキップ)
2026-01-05 08:16:24 INFO: 
  *** 対象日付テーブル: 2026/04/27 ***
2026-01-05 08:16:24 INFO:     → 2026/04/27 は day_key=月曜日
2026-01-05 08:16:24 ERROR:     → day_key:月曜日 は 立沼テニス場 の設定に存在しない (スキップ)
2026-01-05 08:16:24 INFO: 
  *** 対象日付テーブル: 2026/04/28 ***
2026-01-05 08:16:24 INFO:     → 2026/04/28 は day_key=火曜日
2026-01-05 08:16:24 ERROR:     → day_key:火曜日 は 大沼公園グラウンド の設定に存在しない (スキップ)
2026-01-05 08:16:24 INFO: 
  *** 対象日付テーブル: 2026/04/28 ***
2026-01-05 08:16:24 INFO:     → 2026/04/28 は day_key=火曜日
2026-01-05 08:16:24 INFO:     → コート行の件数: 2
2026-01-05 08:16:24 INFO:     → ヘッダセルの件数: 6
2026-01-05 08:16:24 INFO:       → 予約選択: 2026/04/28 立沼テニス場 硬式Ｂ 15:00～17:00
2026-01-05 08:16:24 INFO: 
  *** 対象日付テーブル: 2026/04/29 ***
2026-01-05 08:16:24 INFO:     → 2026/04/29 は day_key=祝日
2026-01-05 08:16:24 INFO:     → コート行の件数: 7
2026-01-05 08:16:24 INFO:     → ヘッダセルの件数: 8
2026-01-05 08:16:24 ERROR:       → 予約不可: 大沼公園グラウンド 共用Ｂ 15:00～17:00 → ×
2026-01-05 08:16:25 INFO: 
  *** 対象日付テーブル: 2026/04/29 ***
2026-01-05 08:16:25 INFO:     → 2026/04/29 は day_key=祝日
2026-01-05 08:16:25 INFO:     → コート行の件数: 2
2026-01-05 08:16:25 INFO:     → ヘッダセルの件数: 6
2026-01-05 08:16:25 INFO:       → 予約選択: 2026/04/29 立沼テニス場 硬式Ｂ 15:00～17:00
2026-01-05 08:16:25 INFO: 
  *** 対象日付テーブル: 2026/04/30 ***
2026-01-05 08:16:25 INFO:     → 2026/04/30 は day_key=木曜日
2026-01-05 08:16:25 INFO:     → コート行の件数: 7
2026-01-05 08:16:25 INFO:     → ヘッダセルの件数: 8
2026-01-05 08:16:25 INFO:       → 予約選択: 2026/04/30 大沼公園グラウンド 共用Ｂ 9:00～11:00
2026-01-05 08:16:25 INFO:       → 予約選択: 2026/04/30 大沼公園グラウンド 共用Ｂ 11:00～13:00
2026-01-05 08:16:26 INFO: 
  *** 対象日付テーブル: 2026/04/30 ***
2026-01-05 08:16:26 INFO:     → 2026/04/30 は day_key=木曜日
2026-01-05 08:16:26 ERROR:     → day_key:木曜日 は 立沼テニス場 の設定に存在しない (スキップ)
2026-01-05 08:16:48 INFO: (C) 確認画面へ遷移
2026-01-05 08:16:50 INFO: 人数・コピー選択完了
2026-01-05 08:16:59 INFO: PDF保存: C:\pj\tennis_book\PDF\202601\52000641_奈良　ライラ_20260105_081659.pdf
2026-01-05 08:16:59 INFO: → ユーザー 52000641 の予約完了
2026-01-05 08:17:02 INFO: 全ユーザーの予約処理が完了しました。
